#
# There is insufficient memory for the Java Runtime Environment to continue.
# Native memory allocation (malloc) failed to allocate 1310656 bytes for Chunk::new
# Possible reasons:
#   The system is out of physical RAM or swap space
#   In 32 bit mode, the process size limit was hit
# Possible solutions:
#   Reduce memory load on the system
#   Increase physical memory or swap space
#   Check if swap backing store is full
#   Use 64 bit Java on a 64 bit OS
#   Decrease Java heap size (-Xmx/-Xms)
#   Decrease number of Java threads
#   Decrease Java thread stack sizes (-Xss)
#   Set larger code cache with -XX:ReservedCodeCacheSize=
# This output file may be truncated or incomplete.
#
#  Out of Memory Error (allocation.cpp:390), pid=10272, tid=0x0000000000001ea8
#
# JRE version: Java(TM) SE Runtime Environment (8.0_191-b12) (build 1.8.0_191-b12)
# Java VM: Java HotSpot(TM) 64-Bit Server VM (25.191-b12 mixed mode windows-amd64 compressed oops)
# Failed to write core dump. Minidumps are not enabled by default on client versions of Windows
#

---------------  T H R E A D  ---------------

Current thread (0x0000000019eb0000):  JavaThread "C2 CompilerThread2" daemon [_thread_in_native, id=7848, stack(0x000000001a970000,0x000000001aa70000)]

Stack: [0x000000001a970000,0x000000001aa70000]
[error occurred during error reporting (printing stack bounds), id 0xc0000005]

Native frames: (J=compiled Java code, j=interpreted, Vv=VM code, C=native code)


Current CompileTask:
C2: 111078 17153       4       com.android.tools.r8.graph.K::a (1030 bytes)


---------------  P R O C E S S  ---------------

Java Threads: ( => current thread )
  0x000000001c3ca800 JavaThread "stdout" [_thread_in_native, id=6688, stack(0x000000002f500000,0x000000002f600000)]
  0x000000001c3c9800 JavaThread "stderr" [_thread_in_native, id=2988, stack(0x000000002f000000,0x000000002f100000)]
  0x000000001ae22800 JavaThread "pool-4-thread-1" [_thread_blocked, id=10596, stack(0x000000002ef00000,0x000000002f000000)]
  0x000000001ae21800 JavaThread "WorkerExecutor Queue Thread 2" [_thread_blocked, id=19088, stack(0x000000002ee00000,0x000000002ef00000)]
  0x000000001ae21000 JavaThread "WorkerExecutor Queue" [_thread_blocked, id=3512, stack(0x000000002ed00000,0x000000002ee00000)]
  0x000000001ae20000 JavaThread "Cache worker for execution history cache (D:\KULIAH\jetpackardy\.gradle\6.5\executionHistory)" [_thread_blocked, id=16960, stack(0x000000002ec00000,0x000000002ed00000)]
  0x000000001ae1d800 JavaThread "Execution worker for ':' Thread 7" [_thread_blocked, id=20940, stack(0x000000002e500000,0x000000002e600000)]
  0x000000001ae16000 JavaThread "Execution worker for ':' Thread 6" [_thread_blocked, id=17424, stack(0x000000002e400000,0x000000002e500000)]
  0x000000001ae1c000 JavaThread "Execution worker for ':' Thread 5" [_thread_blocked, id=22088, stack(0x000000002e300000,0x000000002e400000)]
  0x000000001ae1b800 JavaThread "Execution worker for ':' Thread 4" [_thread_blocked, id=15644, stack(0x000000002e200000,0x000000002e300000)]
  0x000000001ae1a800 JavaThread "Execution worker for ':' Thread 3" [_thread_blocked, id=14808, stack(0x000000002dae0000,0x000000002dbe0000)]
  0x000000001ae14800 JavaThread "Execution worker for ':' Thread 2" [_thread_blocked, id=7760, stack(0x000000002c9d0000,0x000000002cad0000)]
  0x0000000020bfe800 JavaThread "Execution worker for ':'" [_thread_blocked, id=3568, stack(0x000000002c8d0000,0x000000002c9d0000)]
  0x0000000020bfd800 JavaThread "Cache worker for file content cache (D:\KULIAH\jetpackardy\.gradle\6.5\fileContent)" [_thread_blocked, id=17404, stack(0x000000002b480000,0x000000002b580000)]
  0x0000000020bfd000 JavaThread "Cache worker for Build Output Cleanup Cache (D:\KULIAH\jetpackardy\.gradle\buildOutputCleanup)" [_thread_blocked, id=2416, stack(0x0000000023f80000,0x0000000024080000)]
  0x0000000020bfc000 JavaThread "Build operations Thread 8" [_thread_in_Java, id=4928, stack(0x0000000023e80000,0x0000000023f80000)]
  0x0000000020bfb800 JavaThread "Build operations Thread 7" [_thread_blocked, id=2708, stack(0x0000000023d80000,0x0000000023e80000)]
  0x0000000020bfa800 JavaThread "Build operations Thread 6" [_thread_blocked, id=2840, stack(0x0000000023c80000,0x0000000023d80000)]
  0x0000000020bf3000 JavaThread "Build operations Thread 5" [_thread_blocked, id=7096, stack(0x0000000023b80000,0x0000000023c80000)]
  0x0000000020bfa000 JavaThread "Build operations Thread 4" [_thread_in_Java, id=19320, stack(0x0000000023a80000,0x0000000023b80000)]
  0x0000000020bf2800 JavaThread "Build operations Thread 3" [_thread_in_Java, id=7304, stack(0x0000000023980000,0x0000000023a80000)]
  0x0000000020bf9000 JavaThread "Build operations Thread 2" [_thread_in_Java, id=11144, stack(0x0000000023880000,0x0000000023980000)]
  0x0000000020bf8800 JavaThread "Build operations" [_thread_blocked, id=10480, stack(0x0000000021430000,0x0000000021530000)]
  0x0000000020bf1000 JavaThread "Cache worker for cache directory md-rule (C:\Users\R.O.G\.gradle\caches\6.5\md-rule)" [_thread_blocked, id=1068, stack(0x0000000021330000,0x0000000021430000)]
  0x0000000020bf7800 JavaThread "Cache worker for cache directory md-supplier (C:\Users\R.O.G\.gradle\caches\6.5\md-supplier)" [_thread_blocked, id=21096, stack(0x000000001e990000,0x000000001ea90000)]
  0x0000000020bf4000 JavaThread "Cache worker for checksums cache (D:\KULIAH\jetpackardy\.gradle\checksums)" [_thread_blocked, id=10964, stack(0x000000001e890000,0x000000001e990000)]
  0x0000000020bf0000 JavaThread "Cache worker for file hash cache (D:\KULIAH\jetpackardy\.gradle\6.5\fileHashes)" [_thread_blocked, id=2516, stack(0x000000001e790000,0x000000001e890000)]
  0x0000000020bf7000 JavaThread "Thread-158" [_thread_blocked, id=13136, stack(0x000000001e490000,0x000000001e590000)]
  0x0000000020bf5800 JavaThread "Stdin handler" [_thread_blocked, id=3968, stack(0x000000001e190000,0x000000001e290000)]
  0x0000000020bf4800 JavaThread "Asynchronous log dispatcher for DefaultDaemonConnection: socket connection from /127.0.0.1:56418 to /127.0.0.1:56463" [_thread_blocked, id=21380, stack(0x00000000013d0000,0x00000000014d0000)]
  0x0000000020bef800 JavaThread "Cancel handler" [_thread_blocked, id=21772, stack(0x00000000012d0000,0x00000000013d0000)]
  0x0000000020bf1800 JavaThread "Handler for socket connection from /127.0.0.1:56418 to /127.0.0.1:56463" [_thread_in_native, id=16912, stack(0x00000000010d0000,0x00000000011d0000)]
  0x000000001ae1d000 JavaThread "Memory manager" [_thread_blocked, id=17848, stack(0x000000002bb80000,0x000000002bc80000)]
  0x000000001ae13000 JavaThread "jar transforms Thread 114" [_thread_blocked, id=18004, stack(0x000000002b180000,0x000000002b280000)]
  0x000000001ae19000 JavaThread "jar transforms Thread 113" [_thread_blocked, id=17268, stack(0x000000002b080000,0x000000002b180000)]
  0x000000001ae1a000 JavaThread "jar transforms Thread 112" [_thread_blocked, id=8376, stack(0x000000002af80000,0x000000002b080000)]
  0x000000001ae14000 JavaThread "jar transforms Thread 111" [_thread_blocked, id=3252, stack(0x000000002ae80000,0x000000002af80000)]
  0x000000001ae15800 JavaThread "jar transforms Thread 110" [_thread_blocked, id=14188, stack(0x000000002ad80000,0x000000002ae80000)]
  0x000000001ae17800 JavaThread "jar transforms Thread 109" [_thread_blocked, id=14668, stack(0x000000002ac80000,0x000000002ad80000)]
  0x000000001ae17000 JavaThread "jar transforms Thread 108" [_thread_blocked, id=9328, stack(0x000000002ab80000,0x000000002ac80000)]
  0x000000001ae18800 JavaThread "jar transforms Thread 107" [_thread_blocked, id=14132, stack(0x000000002aa80000,0x000000002ab80000)]
  0x000000001d41c000 JavaThread "jar transforms Thread 106" [_thread_blocked, id=10340, stack(0x000000002a980000,0x000000002aa80000)]
  0x000000001d41b800 JavaThread "jar transforms Thread 105" [_thread_blocked, id=19860, stack(0x000000002a880000,0x000000002a980000)]
  0x000000001d41a800 JavaThread "jar transforms Thread 104" [_thread_blocked, id=3668, stack(0x000000002a780000,0x000000002a880000)]
  0x000000001d41a000 JavaThread "jar transforms Thread 103" [_thread_blocked, id=15760, stack(0x000000002a680000,0x000000002a780000)]
  0x000000001d419000 JavaThread "jar transforms Thread 102" [_thread_blocked, id=9376, stack(0x000000002a580000,0x000000002a680000)]
  0x000000001d411800 JavaThread "jar transforms Thread 101" [_thread_blocked, id=5356, stack(0x000000002a480000,0x000000002a580000)]
  0x000000001d417800 JavaThread "jar transforms Thread 100" [_thread_blocked, id=6388, stack(0x000000002a380000,0x000000002a480000)]
  0x000000001d417000 JavaThread "jar transforms Thread 99" [_thread_blocked, id=7396, stack(0x000000002a280000,0x000000002a380000)]
  0x000000001d418800 JavaThread "jar transforms Thread 98" [_thread_blocked, id=4540, stack(0x000000002a180000,0x000000002a280000)]
  0x000000001d416000 JavaThread "jar transforms Thread 97" [_thread_blocked, id=22180, stack(0x000000002a080000,0x000000002a180000)]
  0x000000001d40e800 JavaThread "jar transforms Thread 96" [_thread_blocked, id=19732, stack(0x0000000029f80000,0x000000002a080000)]
  0x000000001d415800 JavaThread "jar transforms Thread 95" [_thread_blocked, id=6708, stack(0x0000000029e80000,0x0000000029f80000)]
  0x000000001d40e000 JavaThread "jar transforms Thread 94" [_thread_blocked, id=11360, stack(0x0000000029d80000,0x0000000029e80000)]
  0x000000001d414800 JavaThread "jar transforms Thread 93" [_thread_blocked, id=21728, stack(0x0000000029c80000,0x0000000029d80000)]
  0x000000001d413000 JavaThread "jar transforms Thread 92" [_thread_blocked, id=9648, stack(0x0000000029b80000,0x0000000029c80000)]
  0x000000001d411000 JavaThread "jar transforms Thread 91" [_thread_blocked, id=8552, stack(0x0000000029a80000,0x0000000029b80000)]
  0x000000001d414000 JavaThread "jar transforms Thread 90" [_thread_blocked, id=18880, stack(0x0000000029980000,0x0000000029a80000)]
  0x000000001d412800 JavaThread "jar transforms Thread 89" [_thread_blocked, id=15904, stack(0x0000000029880000,0x0000000029980000)]
  0x000000001d40d000 JavaThread "jar transforms Thread 88" [_thread_blocked, id=18644, stack(0x0000000029780000,0x0000000029880000)]
  0x000000001d40f800 JavaThread "jar transforms Thread 87" [_thread_blocked, id=14016, stack(0x0000000029680000,0x0000000029780000)]
  0x000000001d410000 JavaThread "jar transforms Thread 86" [_thread_blocked, id=19832, stack(0x0000000029580000,0x0000000029680000)]
  0x000000002013b000 JavaThread "jar transforms Thread 85" [_thread_blocked, id=17140, stack(0x0000000029480000,0x0000000029580000)]
  0x000000002013a800 JavaThread "jar transforms Thread 84" [_thread_blocked, id=19664, stack(0x0000000029280000,0x0000000029380000)]
  0x0000000020139000 JavaThread "jar transforms Thread 83" [_thread_blocked, id=14072, stack(0x0000000029180000,0x0000000029280000)]
  0x0000000020137800 JavaThread "jar transforms Thread 82" [_thread_blocked, id=14580, stack(0x0000000029080000,0x0000000029180000)]
  0x0000000020139800 JavaThread "jar transforms Thread 81" [_thread_blocked, id=21088, stack(0x0000000028f80000,0x0000000029080000)]
  0x0000000020138000 JavaThread "jar transforms Thread 80" [_thread_blocked, id=19604, stack(0x0000000028e80000,0x0000000028f80000)]
  0x0000000020136800 JavaThread "jar transforms Thread 79" [_thread_blocked, id=20636, stack(0x0000000028d80000,0x0000000028e80000)]
  0x0000000020136000 JavaThread "jar transforms Thread 78" [_thread_blocked, id=9368, stack(0x0000000028c80000,0x0000000028d80000)]
  0x000000002012e800 JavaThread "jar transforms Thread 77" [_thread_blocked, id=21340, stack(0x0000000028b80000,0x0000000028c80000)]
  0x0000000020135000 JavaThread "jar transforms Thread 76" [_thread_blocked, id=14264, stack(0x0000000028a80000,0x0000000028b80000)]
  0x000000002012d800 JavaThread "jar transforms Thread 75" [_thread_blocked, id=15628, stack(0x0000000028980000,0x0000000028a80000)]
  0x0000000020134800 JavaThread "jar transforms Thread 74" [_thread_blocked, id=14968, stack(0x0000000028880000,0x0000000028980000)]
  0x000000002012d000 JavaThread "jar transforms Thread 73" [_thread_blocked, id=18580, stack(0x0000000028780000,0x0000000028880000)]
  0x0000000020133800 JavaThread "jar transforms Thread 72" [_thread_blocked, id=17492, stack(0x0000000028680000,0x0000000028780000)]
  0x0000000020130000 JavaThread "jar transforms Thread 71" [_thread_blocked, id=18080, stack(0x0000000028580000,0x0000000028680000)]
  0x0000000020132000 JavaThread "jar transforms Thread 70" [_thread_blocked, id=21980, stack(0x0000000028480000,0x0000000028580000)]
  0x000000002012c000 JavaThread "jar transforms Thread 69" [_thread_blocked, id=9708, stack(0x0000000028380000,0x0000000028480000)]
  0x0000000020131800 JavaThread "jar transforms Thread 68" [_thread_blocked, id=20744, stack(0x0000000028280000,0x0000000028380000)]
  0x000000002012f000 JavaThread "jar transforms Thread 67" [_thread_blocked, id=6236, stack(0x0000000028180000,0x0000000028280000)]
  0x0000000020130800 JavaThread "jar transforms Thread 66" [_thread_blocked, id=2280, stack(0x0000000028080000,0x0000000028180000)]
  0x0000000020133000 JavaThread "jar transforms Thread 65" [_thread_blocked, id=7444, stack(0x0000000027f80000,0x0000000028080000)]
  0x000000001f97a800 JavaThread "jar transforms Thread 64" [_thread_blocked, id=3012, stack(0x0000000027e80000,0x0000000027f80000)]
  0x000000001f978000 JavaThread "jar transforms Thread 63" [_thread_blocked, id=10568, stack(0x0000000027d80000,0x0000000027e80000)]
  0x000000001f977800 JavaThread "jar transforms Thread 62" [_thread_blocked, id=16756, stack(0x0000000027c80000,0x0000000027d80000)]
  0x000000001f979000 JavaThread "jar transforms Thread 61" [_thread_blocked, id=19720, stack(0x0000000027b80000,0x0000000027c80000)]
  0x000000001f976000 JavaThread "jar transforms Thread 60" [_thread_blocked, id=9160, stack(0x0000000027a80000,0x0000000027b80000)]
  0x000000001f97b000 JavaThread "jar transforms Thread 59" [_thread_blocked, id=7328, stack(0x0000000027980000,0x0000000027a80000)]
  0x000000001f979800 JavaThread "jar transforms Thread 58" [_thread_blocked, id=20140, stack(0x0000000027880000,0x0000000027980000)]
  0x000000001f976800 JavaThread "jar transforms Thread 57" [_thread_blocked, id=10600, stack(0x0000000027780000,0x0000000027880000)]
  0x000000001f96e800 JavaThread "jar transforms Thread 56" [_thread_blocked, id=8044, stack(0x0000000027680000,0x0000000027780000)]
  0x000000001f975000 JavaThread "jar transforms Thread 55" [_thread_blocked, id=1992, stack(0x0000000027580000,0x0000000027680000)]
  0x000000001f974800 JavaThread "jar transforms Thread 54" [_thread_blocked, id=21828, stack(0x0000000027480000,0x0000000027580000)]
  0x000000001f96d800 JavaThread "jar transforms Thread 53" [_thread_blocked, id=692, stack(0x0000000027380000,0x0000000027480000)]
  0x000000001f96c800 JavaThread "jar transforms Thread 52" [_thread_blocked, id=20372, stack(0x0000000027280000,0x0000000027380000)]
  0x000000001f973800 JavaThread "jar transforms Thread 51" [_thread_blocked, id=3040, stack(0x0000000027180000,0x0000000027280000)]
  0x000000001f970000 JavaThread "jar transforms Thread 50" [_thread_blocked, id=6940, stack(0x0000000027080000,0x0000000027180000)]
  0x000000001f96c000 JavaThread "jar transforms Thread 49" [_thread_blocked, id=20544, stack(0x0000000026f80000,0x0000000027080000)]
  0x000000001f971800 JavaThread "jar transforms Thread 48" [_thread_blocked, id=1448, stack(0x0000000026e80000,0x0000000026f80000)]
  0x000000001f973000 JavaThread "jar transforms Thread 47" [_thread_blocked, id=248, stack(0x0000000026d80000,0x0000000026e80000)]
  0x000000001f972000 JavaThread "jar transforms Thread 46" [_thread_blocked, id=16640, stack(0x0000000026c80000,0x0000000026d80000)]
  0x000000001f970800 JavaThread "jar transforms Thread 45" [_thread_blocked, id=17888, stack(0x0000000026b80000,0x0000000026c80000)]
  0x000000001f96f000 JavaThread "jar transforms Thread 44" [_thread_blocked, id=17684, stack(0x0000000026a80000,0x0000000026b80000)]
  0x000000001cbc0800 JavaThread "jar transforms Thread 43" [_thread_blocked, id=3052, stack(0x0000000026980000,0x0000000026a80000)]
  0x000000001cbbe000 JavaThread "jar transforms Thread 42" [_thread_blocked, id=19344, stack(0x0000000026880000,0x0000000026980000)]
  0x000000001cbbd800 JavaThread "jar transforms Thread 41" [_thread_blocked, id=12356, stack(0x0000000026780000,0x0000000026880000)]
  0x000000001cbbf800 JavaThread "jar transforms Thread 40" [_thread_blocked, id=7796, stack(0x0000000026680000,0x0000000026780000)]
  0x000000001cbbf000 JavaThread "jar transforms Thread 39" [_thread_blocked, id=14324, stack(0x0000000026580000,0x0000000026680000)]
  0x000000001cbbc800 JavaThread "jar transforms Thread 38" [_thread_blocked, id=14656, stack(0x0000000026480000,0x0000000026580000)]
  0x000000001cbb5000 JavaThread "jar transforms Thread 37" [_thread_blocked, id=22348, stack(0x0000000026380000,0x0000000026480000)]
  0x000000001cbbc000 JavaThread "jar transforms Thread 36" [_thread_blocked, id=18160, stack(0x0000000026280000,0x0000000026380000)]
  0x000000001cbb4800 JavaThread "jar transforms Thread 35" [_thread_blocked, id=19824, stack(0x0000000026180000,0x0000000026280000)]
  0x000000001cbbb000 JavaThread "jar transforms Thread 34" [_thread_blocked, id=21976, stack(0x0000000026080000,0x0000000026180000)]
  0x000000001cbb3800 JavaThread "jar transforms Thread 33" [_thread_blocked, id=8124, stack(0x0000000025f80000,0x0000000026080000)]
  0x000000001cbba800 JavaThread "jar transforms Thread 32" [_thread_blocked, id=17716, stack(0x0000000025e80000,0x0000000025f80000)]
  0x000000001cbb3000 JavaThread "jar transforms Thread 31" [_thread_blocked, id=8436, stack(0x0000000025d80000,0x0000000025e80000)]
  0x000000001cbb9000 JavaThread "jar transforms Thread 30" [_thread_blocked, id=21244, stack(0x0000000025c80000,0x0000000025d80000)]
  0x000000001cbb6800 JavaThread "jar transforms Thread 29" [_thread_blocked, id=3464, stack(0x0000000025b80000,0x0000000025c80000)]
  0x000000001cbb9800 JavaThread "jar transforms Thread 28" [_thread_blocked, id=4028, stack(0x0000000025a80000,0x0000000025b80000)]
  0x000000001cbb6000 JavaThread "jar transforms Thread 27" [_thread_blocked, id=14588, stack(0x0000000025980000,0x0000000025a80000)]
  0x000000001cbb2000 JavaThread "jar transforms Thread 26" [_thread_blocked, id=20960, stack(0x0000000025880000,0x0000000025980000)]
  0x000000001cbb1800 JavaThread "jar transforms Thread 25" [_thread_blocked, id=19844, stack(0x0000000025780000,0x0000000025880000)]
  0x000000001cbb8000 JavaThread "jar transforms Thread 24" [_thread_blocked, id=2372, stack(0x0000000025680000,0x0000000025780000)]
  0x000000001cbb7800 JavaThread "jar transforms Thread 23" [_thread_blocked, id=21604, stack(0x0000000025580000,0x0000000025680000)]
  0x000000001b9a6000 JavaThread "jar transforms Thread 22" [_thread_blocked, id=11500, stack(0x0000000025480000,0x0000000025580000)]
  0x000000001b9a5800 JavaThread "jar transforms Thread 21" [_thread_blocked, id=20176, stack(0x0000000025380000,0x0000000025480000)]
  0x000000001b9a3000 JavaThread "jar transforms Thread 20" [_thread_blocked, id=10248, stack(0x0000000025280000,0x0000000025380000)]
  0x000000001b9a1800 JavaThread "jar transforms Thread 19" [_thread_blocked, id=21252, stack(0x0000000025180000,0x0000000025280000)]
  0x000000001b9a4800 JavaThread "jar transforms Thread 18" [_thread_blocked, id=5948, stack(0x0000000025080000,0x0000000025180000)]
  0x000000001b9a2800 JavaThread "jar transforms Thread 17" [_thread_blocked, id=16808, stack(0x0000000024f80000,0x0000000025080000)]
  0x000000001b9a4000 JavaThread "jar transforms Thread 16" [_thread_blocked, id=18304, stack(0x0000000024e80000,0x0000000024f80000)]
  0x000000001b9a0000 JavaThread "jar transforms Thread 15" [_thread_blocked, id=8756, stack(0x0000000024d80000,0x0000000024e80000)]
  0x000000001b9a1000 JavaThread "jar transforms Thread 14" [_thread_blocked, id=11976, stack(0x0000000024c80000,0x0000000024d80000)]
  0x000000001b9a7000 JavaThread "jar transforms Thread 13" [_thread_blocked, id=16944, stack(0x0000000024b80000,0x0000000024c80000)]
  0x000000001c3d2800 JavaThread "jar transforms Thread 12" [_thread_blocked, id=19696, stack(0x0000000024a80000,0x0000000024b80000)]
  0x000000001c3d2000 JavaThread "jar transforms Thread 11" [_thread_blocked, id=17796, stack(0x0000000024980000,0x0000000024a80000)]
  0x000000001c3d1000 JavaThread "jar transforms Thread 10" [_thread_blocked, id=21856, stack(0x0000000024880000,0x0000000024980000)]
  0x000000001c3d5800 JavaThread "jar transforms Thread 9" [_thread_blocked, id=11504, stack(0x0000000024780000,0x0000000024880000)]
  0x000000001c3cf800 JavaThread "jar transforms Thread 8" [_thread_blocked, id=18796, stack(0x0000000024680000,0x0000000024780000)]
  0x000000001c3d5000 JavaThread "jar transforms Thread 7" [_thread_blocked, id=4320, stack(0x0000000024580000,0x0000000024680000)]
  0x000000001c3cf000 JavaThread "jar transforms Thread 6" [_thread_blocked, id=20284, stack(0x0000000024480000,0x0000000024580000)]
  0x000000001c3cd800 JavaThread "jar transforms Thread 5" [_thread_blocked, id=18400, stack(0x0000000024380000,0x0000000024480000)]
  0x000000001c3d3800 JavaThread "jar transforms Thread 4" [_thread_blocked, id=13544, stack(0x0000000024280000,0x0000000024380000)]
  0x000000001c3d0800 JavaThread "jar transforms Thread 3" [_thread_blocked, id=5680, stack(0x0000000024180000,0x0000000024280000)]
  0x000000001c3d4000 JavaThread "jar transforms Thread 2" [_thread_blocked, id=21528, stack(0x0000000024080000,0x0000000024180000)]
  0x000000001be0d800 JavaThread "Cache worker for file content cache (C:\Users\R.O.G\.gradle\caches\6.5\fileContent)" [_thread_blocked, id=18236, stack(0x0000000023180000,0x0000000023280000)]
  0x000000001be0d000 JavaThread "jar transforms" [_thread_blocked, id=8112, stack(0x0000000023080000,0x0000000023180000)]
  0x000000001be13800 JavaThread "Cache worker for execution history cache (C:\Users\R.O.G\.gradle\caches\6.5\executionHistory)" [_thread_blocked, id=20664, stack(0x0000000022980000,0x0000000022a80000)]
  0x000000001be10800 JavaThread "Cache worker for file hash cache (C:\Users\R.O.G\.gradle\caches\6.5\fileHashes)" [_thread_blocked, id=12372, stack(0x000000001ee90000,0x000000001ef90000)]
  0x000000001be0f000 JavaThread "File lock request listener" [_thread_in_native, id=7188, stack(0x000000001ed90000,0x000000001ee90000)]
  0x000000001be0e800 JavaThread "Cache worker for journal cache (C:\Users\R.O.G\.gradle\caches\journal-1)" [_thread_blocked, id=22112, stack(0x000000001ec90000,0x000000001ed90000)]
  0x000000001a239000 JavaThread "Daemon worker" [_thread_blocked, id=5264, stack(0x000000001e690000,0x000000001e790000)]
  0x000000001b4e9800 JavaThread "Daemon" [_thread_blocked, id=10780, stack(0x000000001e090000,0x000000001e190000)]
  0x000000001b4e9000 JavaThread "Daemon periodic checks" [_thread_blocked, id=17464, stack(0x000000001df90000,0x000000001e090000)]
  0x000000001be3e800 JavaThread "Incoming local TCP Connector on port 56418" [_thread_in_native, id=6668, stack(0x000000001dd50000,0x000000001de50000)]
  0x000000001ca80800 JavaThread "Daemon health stats" [_thread_blocked, id=10872, stack(0x000000001d510000,0x000000001d610000)]
  0x0000000019f3f000 JavaThread "Service Thread" daemon [_thread_blocked, id=11344, stack(0x000000001ab70000,0x000000001ac70000)]
  0x0000000019ee7000 JavaThread "C1 CompilerThread3" daemon [_thread_blocked, id=8804, stack(0x000000001aa70000,0x000000001ab70000)]
=>0x0000000019eb0000 JavaThread "C2 CompilerThread2" daemon [_thread_in_native, id=7848, stack(0x000000001a970000,0x000000001aa70000)]
  0x0000000019ea9800 JavaThread "C2 CompilerThread1" daemon [_thread_in_native, id=88, stack(0x000000001a870000,0x000000001a970000)]
  0x0000000019ea4000 JavaThread "C2 CompilerThread0" daemon [_thread_in_native, id=11376, stack(0x000000001a770000,0x000000001a870000)]
  0x0000000019ea1800 JavaThread "Attach Listener" daemon [_thread_blocked, id=8840, stack(0x000000001a670000,0x000000001a770000)]
  0x0000000019ea0800 JavaThread "Signal Dispatcher" daemon [_thread_blocked, id=17792, stack(0x000000001a570000,0x000000001a670000)]
  0x0000000019e91000 JavaThread "Finalizer" daemon [_thread_blocked, id=4836, stack(0x000000001a370000,0x000000001a470000)]
  0x0000000019e90800 JavaThread "Reference Handler" daemon [_thread_blocked, id=20292, stack(0x000000001a270000,0x000000001a370000)]
  0x0000000002f2e800 JavaThread "main" [_thread_blocked, id=15532, stack(0x0000000002de0000,0x0000000002ee0000)]

Other Threads:
  0x00000000180a9000 VMThread [stack: 0x0000000019d70000,0x0000000019e70000] [id=1444]
  0x0000000019f2a800 WatcherThread [stack: 0x000000001ac70000,0x000000001ad70000] [id=20352]

VM state:not at safepoint (normal execution)

VM Mutex/Monitor currently owned by a thread: None

Heap:
 PSYoungGen      total 578560K, used 38937K [0x00000000d5580000, 0x00000000fbe00000, 0x0000000100000000)
  eden space 527360K, 3% used [0x00000000d5580000,0x00000000d66147a0,0x00000000f5880000)
  from space 51200K, 42% used [0x00000000f8800000,0x00000000f9d71e60,0x00000000fba00000)
  to   space 48640K, 0% used [0x00000000f5880000,0x00000000f5880000,0x00000000f8800000)
 ParOldGen       total 384000K, used 192996K [0x0000000080000000, 0x0000000097700000, 0x00000000d5580000)
  object space 384000K, 50% used [0x0000000080000000,0x000000008bc79340,0x0000000097700000)
 Metaspace       used 89041K, capacity 93428K, committed 96128K, reserved 1132544K
  class space    used 11955K, capacity 12767K, committed 13440K, reserved 1048576K

Card table byte_map: [0x0000000012400000,0x0000000012810000] byte_map_base: 0x0000000012000000

Marking Bits: (ParMarkBitMap*) 0x0000000077f73e30
 Begin Bits: [0x00000000132c0000, 0x00000000152c0000)
 End Bits:   [0x00000000152c0000, 0x00000000172c0000)

Polling page: 0x0000000000df0000

CodeCache: size=245760Kb used=47853Kb max_used=47876Kb free=197906Kb
 bounds [0x0000000003040000, 0x0000000005f50000, 0x0000000012040000]
 total_blobs=14975 nmethods=14111 adapters=774
 compilation: enabled

Compilation events (10 events):
Event: 110.729 Thread 0x0000000019ee7000 17304       3       com.android.tools.r8.ir.optimize.c::a (674 bytes)
Event: 110.744 Thread 0x0000000019ee7000 nmethod 17304 0x0000000005f2a550 code [0x0000000005f2ada0, 0x0000000005f30798]
Event: 110.782 Thread 0x0000000019ee7000 17305       2       com.android.tools.r8.graph.l0$n::a (24 bytes)
Event: 110.783 Thread 0x0000000019ee7000 nmethod 17305 0x00000000056bd490 code [0x00000000056bd5e0, 0x00000000056bd790]
Event: 110.899 Thread 0x0000000019ee7000 17306       2       com.android.tools.r8.p.n.H::<init> (10 bytes)
Event: 110.900 Thread 0x0000000019ee7000 nmethod 17306 0x00000000056bd150 code [0x00000000056bd2a0, 0x00000000056bd410]
Event: 111.052 Thread 0x0000000019ee7000 17307       2       com.android.tools.r8.s.b.B::a (34 bytes)
Event: 111.052 Thread 0x0000000019ea9800 nmethod 16900 0x0000000005f34790 code [0x0000000005f34d00, 0x0000000005f3a458]
Event: 111.053 Thread 0x0000000019ea9800 16945       4       com.android.tools.r8.ir.optimize.l::b (455 bytes)
Event: 111.053 Thread 0x0000000019ee7000 nmethod 17307 0x00000000056bbd90 code [0x00000000056bbf20, 0x00000000056bc1e8]

GC Heap History (10 events):
Event: 102.239 GC heap before
{Heap before GC invocations=24 (full 4):
 PSYoungGen      total 485888K, used 446528K [0x00000000d5580000, 0x00000000fba00000, 0x0000000100000000)
  eden space 432128K, 100% used [0x00000000d5580000,0x00000000efb80000,0x00000000efb80000)
  from space 53760K, 26% used [0x00000000efb80000,0x00000000f09901d0,0x00000000f3000000)
  to   space 51200K, 0% used [0x00000000f8800000,0x00000000f8800000,0x00000000fba00000)
 ParOldGen       total 384000K, used 140923K [0x0000000080000000, 0x0000000097700000, 0x00000000d5580000)
  object space 384000K, 36% used [0x0000000080000000,0x000000008899ecf8,0x0000000097700000)
 Metaspace       used 88733K, capacity 93050K, committed 95616K, reserved 1132544K
  class space    used 11948K, capacity 12762K, committed 13440K, reserved 1048576K
Event: 102.373 GC heap after
Heap after GC invocations=24 (full 4):
 PSYoungGen      total 578560K, used 14825K [0x00000000d5580000, 0x00000000fbe00000, 0x0000000100000000)
  eden space 527360K, 0% used [0x00000000d5580000,0x00000000d5580000,0x00000000f5880000)
  from space 51200K, 28% used [0x00000000f8800000,0x00000000f967a4a8,0x00000000fba00000)
  to   space 48640K, 0% used [0x00000000f5880000,0x00000000f5880000,0x00000000f8800000)
 ParOldGen       total 384000K, used 153103K [0x0000000080000000, 0x0000000097700000, 0x00000000d5580000)
  object space 384000K, 39% used [0x0000000080000000,0x0000000089583d18,0x0000000097700000)
 Metaspace       used 88733K, capacity 93050K, committed 95616K, reserved 1132544K
  class space    used 11948K, capacity 12762K, committed 13440K, reserved 1048576K
}
Event: 104.732 GC heap before
{Heap before GC invocations=25 (full 4):
 PSYoungGen      total 578560K, used 542185K [0x00000000d5580000, 0x00000000fbe00000, 0x0000000100000000)
  eden space 527360K, 100% used [0x00000000d5580000,0x00000000f5880000,0x00000000f5880000)
  from space 51200K, 28% used [0x00000000f8800000,0x00000000f967a4a8,0x00000000fba00000)
  to   space 48640K, 0% used [0x00000000f5880000,0x00000000f5880000,0x00000000f8800000)
 ParOldGen       total 384000K, used 153103K [0x0000000080000000, 0x0000000097700000, 0x00000000d5580000)
  object space 384000K, 39% used [0x0000000080000000,0x0000000089583d18,0x0000000097700000)
 Metaspace       used 88927K, capacity 93214K, committed 95872K, reserved 1132544K
  class space    used 11952K, capacity 12766K, committed 13440K, reserved 1048576K
Event: 104.784 GC heap after
Heap after GC invocations=25 (full 4):
 PSYoungGen      total 576000K, used 20142K [0x00000000d5580000, 0x00000000fbe00000, 0x0000000100000000)
  eden space 527360K, 0% used [0x00000000d5580000,0x00000000d5580000,0x00000000f5880000)
  from space 48640K, 41% used [0x00000000f5880000,0x00000000f6c2b9b8,0x00000000f8800000)
  to   space 51200K, 0% used [0x00000000f8800000,0x00000000f8800000,0x00000000fba00000)
 ParOldGen       total 384000K, used 159610K [0x0000000080000000, 0x0000000097700000, 0x00000000d5580000)
  object space 384000K, 41% used [0x0000000080000000,0x0000000089bdebe8,0x0000000097700000)
 Metaspace       used 88927K, capacity 93214K, committed 95872K, reserved 1132544K
  class space    used 11952K, capacity 12766K, committed 13440K, reserved 1048576K
}
Event: 107.045 GC heap before
{Heap before GC invocations=26 (full 4):
 PSYoungGen      total 576000K, used 547502K [0x00000000d5580000, 0x00000000fbe00000, 0x0000000100000000)
  eden space 527360K, 100% used [0x00000000d5580000,0x00000000f5880000,0x00000000f5880000)
  from space 48640K, 41% used [0x00000000f5880000,0x00000000f6c2b9b8,0x00000000f8800000)
  to   space 51200K, 0% used [0x00000000f8800000,0x00000000f8800000,0x00000000fba00000)
 ParOldGen       total 384000K, used 159610K [0x0000000080000000, 0x0000000097700000, 0x00000000d5580000)
  object space 384000K, 41% used [0x0000000080000000,0x0000000089bdebe8,0x0000000097700000)
 Metaspace       used 88957K, capacity 93228K, committed 95872K, reserved 1132544K
  class space    used 11952K, capacity 12767K, committed 13440K, reserved 1048576K
Event: 107.123 GC heap after
Heap after GC invocations=26 (full 4):
 PSYoungGen      total 578560K, used 19369K [0x00000000d5580000, 0x00000000fbe00000, 0x0000000100000000)
  eden space 527360K, 0% used [0x00000000d5580000,0x00000000d5580000,0x00000000f5880000)
  from space 51200K, 37% used [0x00000000f8800000,0x00000000f9aea7d0,0x00000000fba00000)
  to   space 48640K, 0% used [0x00000000f5880000,0x00000000f5880000,0x00000000f8800000)
 ParOldGen       total 384000K, used 172547K [0x0000000080000000, 0x0000000097700000, 0x00000000d5580000)
  object space 384000K, 44% used [0x0000000080000000,0x000000008a880c08,0x0000000097700000)
 Metaspace       used 88957K, capacity 93228K, committed 95872K, reserved 1132544K
  class space    used 11952K, capacity 12767K, committed 13440K, reserved 1048576K
}
Event: 108.791 GC heap before
{Heap before GC invocations=27 (full 4):
 PSYoungGen      total 578560K, used 546729K [0x00000000d5580000, 0x00000000fbe00000, 0x0000000100000000)
  eden space 527360K, 100% used [0x00000000d5580000,0x00000000f5880000,0x00000000f5880000)
  from space 51200K, 37% used [0x00000000f8800000,0x00000000f9aea7d0,0x00000000fba00000)
  to   space 48640K, 0% used [0x00000000f5880000,0x00000000f5880000,0x00000000f8800000)
 ParOldGen       total 384000K, used 172547K [0x0000000080000000, 0x0000000097700000, 0x00000000d5580000)
  object space 384000K, 44% used [0x0000000080000000,0x000000008a880c08,0x0000000097700000)
 Metaspace       used 88994K, capacity 93356K, committed 95872K, reserved 1132544K
  class space    used 11952K, capacity 12767K, committed 13440K, reserved 1048576K
Event: 108.864 GC heap after
Heap after GC invocations=27 (full 4):
 PSYoungGen      total 576000K, used 16763K [0x00000000d5580000, 0x00000000fbe00000, 0x0000000100000000)
  eden space 527360K, 0% used [0x00000000d5580000,0x00000000d5580000,0x00000000f5880000)
  from space 48640K, 34% used [0x00000000f5880000,0x00000000f68dec88,0x00000000f8800000)
  to   space 51200K, 0% used [0x00000000f8800000,0x00000000f8800000,0x00000000fba00000)
 ParOldGen       total 384000K, used 184632K [0x0000000080000000, 0x0000000097700000, 0x00000000d5580000)
  object space 384000K, 48% used [0x0000000080000000,0x000000008b44e0d0,0x0000000097700000)
 Metaspace       used 88994K, capacity 93356K, committed 95872K, reserved 1132544K
  class space    used 11952K, capacity 12767K, committed 13440K, reserved 1048576K
}
Event: 110.957 GC heap before
{Heap before GC invocations=28 (full 4):
 PSYoungGen      total 576000K, used 544123K [0x00000000d5580000, 0x00000000fbe00000, 0x0000000100000000)
  eden space 527360K, 100% used [0x00000000d5580000,0x00000000f5880000,0x00000000f5880000)
  from space 48640K, 34% used [0x00000000f5880000,0x00000000f68dec88,0x00000000f8800000)
  to   space 51200K, 0% used [0x00000000f8800000,0x00000000f8800000,0x00000000fba00000)
 ParOldGen       total 384000K, used 184632K [0x0000000080000000, 0x0000000097700000, 0x00000000d5580000)
  object space 384000K, 48% used [0x0000000080000000,0x000000008b44e0d0,0x0000000097700000)
 Metaspace       used 89041K, capacity 93428K, committed 96128K, reserved 1132544K
  class space    used 11955K, capacity 12767K, committed 13440K, reserved 1048576K
Event: 111.035 GC heap after
Heap after GC invocations=28 (full 4):
 PSYoungGen      total 578560K, used 21959K [0x00000000d5580000, 0x00000000fbe00000, 0x0000000100000000)
  eden space 527360K, 0% used [0x00000000d5580000,0x00000000d5580000,0x00000000f5880000)
  from space 51200K, 42% used [0x00000000f8800000,0x00000000f9d71e60,0x00000000fba00000)
  to   space 48640K, 0% used [0x00000000f5880000,0x00000000f5880000,0x00000000f8800000)
 ParOldGen       total 384000K, used 192996K [0x0000000080000000, 0x0000000097700000, 0x00000000d5580000)
  object space 384000K, 50% used [0x0000000080000000,0x000000008bc79340,0x0000000097700000)
 Metaspace       used 89041K, capacity 93428K, committed 96128K, reserved 1132544K
  class space    used 11955K, capacity 12767K, committed 13440K, reserved 1048576K
}

Deoptimization events (10 events):
Event: 104.599 Thread 0x0000000020bfa800 Uncommon trap: reason=unstable_if action=reinterpret pc=0x0000000003543b78 method=java.util.concurrent.ConcurrentHashMap.transfer([Ljava/util/concurrent/ConcurrentHashMap$Node;[Ljava/util/concurrent/ConcurrentHashMap$Node;)V @ 356
Event: 104.853 Thread 0x0000000020bfc000 Uncommon trap: reason=class_check action=maybe_recompile pc=0x000000000572997c method=com.android.tools.r8.t.a.a.a.f.e.putAll(Ljava/util/Map;)V @ 3
Event: 105.130 Thread 0x0000000020bfa000 Uncommon trap: reason=class_check action=maybe_recompile pc=0x0000000005206b60 method=com.android.tools.r8.s.b.q1.Z()I @ 19
Event: 106.531 Thread 0x0000000020bf3000 Uncommon trap: reason=unstable_if action=reinterpret pc=0x00000000053c93f4 method=com.android.tools.r8.ir.conversion.o.a(ILcom/android/tools/r8/ir/conversion/N;)I @ 148
Event: 108.097 Thread 0x0000000020bf9000 Uncommon trap: reason=class_check action=maybe_recompile pc=0x0000000005e62e58 method=com.android.tools.r8.s.b.u.equals(Ljava/lang/Object;)Z @ 29
Event: 108.097 Thread 0x0000000020bf9000 Uncommon trap: reason=class_check action=maybe_recompile pc=0x0000000005e62e58 method=com.android.tools.r8.s.b.u.equals(Ljava/lang/Object;)Z @ 29
Event: 108.098 Thread 0x0000000020bf9000 Uncommon trap: reason=class_check action=maybe_recompile pc=0x0000000005e62e58 method=com.android.tools.r8.s.b.u.equals(Ljava/lang/Object;)Z @ 29
Event: 108.098 Thread 0x0000000020bf9000 Uncommon trap: reason=class_check action=maybe_recompile pc=0x0000000005e62e58 method=com.android.tools.r8.s.b.u.equals(Ljava/lang/Object;)Z @ 29
Event: 110.604 Thread 0x0000000020bfa000 Uncommon trap: reason=bimorphic action=maybe_recompile pc=0x00000000056b5a0c method=com.android.tools.r8.graph.I0$b.a()V @ 637
Event: 110.715 Thread 0x0000000020bf9000 Uncommon trap: reason=unstable_if action=reinterpret pc=0x0000000005d6e92c method=com.android.tools.r8.ir.optimize.c.a(Lcom/android/tools/r8/graph/W;Lcom/android/tools/r8/s/b/X;Lcom/android/tools/r8/utils/n1;)V @ 88

Classes redefined (0 events):
No events

Internal exceptions (10 events):
Event: 109.281 Thread 0x0000000020bfa800 Exception <a 'sun/nio/fs/WindowsException'> (0x00000000dcd61838) thrown at [C:\re\workspace\8-2-build-windows-amd64-cygwin\jdk8u191\11896\hotspot\src\share\vm\prims\jni.cpp, line 709]
Event: 109.453 Thread 0x0000000020bf8800 Exception <a 'sun/nio/fs/WindowsException'> (0x00000000e0917a50) thrown at [C:\re\workspace\8-2-build-windows-amd64-cygwin\jdk8u191\11896\hotspot\src\share\vm\prims\jni.cpp, line 709]
Event: 109.570 Thread 0x0000000020bf2800 Exception <a 'sun/nio/fs/WindowsException'> (0x00000000e11e0fd8) thrown at [C:\re\workspace\8-2-build-windows-amd64-cygwin\jdk8u191\11896\hotspot\src\share\vm\prims\jni.cpp, line 709]
Event: 109.634 Thread 0x0000000020bf8800 Exception <a 'sun/nio/fs/WindowsException'> (0x00000000e3a3e2b8) thrown at [C:\re\workspace\8-2-build-windows-amd64-cygwin\jdk8u191\11896\hotspot\src\share\vm\prims\jni.cpp, line 709]
Event: 109.731 Thread 0x0000000020bf2800 Exception <a 'sun/nio/fs/WindowsException'> (0x00000000e5b65400) thrown at [C:\re\workspace\8-2-build-windows-amd64-cygwin\jdk8u191\11896\hotspot\src\share\vm\prims\jni.cpp, line 709]
Event: 109.881 Thread 0x0000000020bf2800 Exception <a 'sun/nio/fs/WindowsException'> (0x00000000e8f93240) thrown at [C:\re\workspace\8-2-build-windows-amd64-cygwin\jdk8u191\11896\hotspot\src\share\vm\prims\jni.cpp, line 709]
Event: 109.904 Thread 0x0000000020bfa800 Exception <a 'sun/nio/fs/WindowsException'> (0x00000000e7b2f928) thrown at [C:\re\workspace\8-2-build-windows-amd64-cygwin\jdk8u191\11896\hotspot\src\share\vm\prims\jni.cpp, line 709]
Event: 110.157 Thread 0x0000000020bf8800 Exception <a 'sun/nio/fs/WindowsException'> (0x00000000ee2e7708) thrown at [C:\re\workspace\8-2-build-windows-amd64-cygwin\jdk8u191\11896\hotspot\src\share\vm\prims\jni.cpp, line 709]
Event: 110.312 Thread 0x0000000020bf3000 Exception <a 'sun/nio/fs/WindowsException'> (0x00000000eeeed930) thrown at [C:\re\workspace\8-2-build-windows-amd64-cygwin\jdk8u191\11896\hotspot\src\share\vm\prims\jni.cpp, line 709]
Event: 110.513 Thread 0x0000000020bf2800 Exception <a 'sun/nio/fs/WindowsException'> (0x00000000f12096d0) thrown at [C:\re\workspace\8-2-build-windows-amd64-cygwin\jdk8u191\11896\hotspot\src\share\vm\prims\jni.cpp, line 709]

Events (10 events):
Event: 111.037 Executing VM operation: RevokeBias
Event: 111.038 Executing VM operation: RevokeBias done
Event: 111.051 Thread 0x0000000020bfc000 DEOPT PACKING pc=0x00000000054f9e33 sp=0x0000000023f79f50
Event: 111.051 Thread 0x0000000020bfc000 DEOPT UNPACKING pc=0x0000000003087890 sp=0x0000000023f7a0a0 mode 0
Event: 111.058 Thread 0x0000000020bfc000 DEOPT PACKING pc=0x00000000054701ac sp=0x0000000023f79ad0
Event: 111.058 Thread 0x0000000020bfc000 DEOPT UNPACKING pc=0x0000000003087890 sp=0x0000000023f79b20 mode 0
Event: 111.074 Thread 0x0000000020bfa000 DEOPT PACKING pc=0x00000000054fa45d sp=0x0000000023b7a350
Event: 111.074 Thread 0x0000000020bfa000 DEOPT UNPACKING pc=0x0000000003087890 sp=0x0000000023b7a4b0 mode 0
Event: 111.076 Thread 0x0000000020bfc000 DEOPT PACKING pc=0x000000000547050b sp=0x0000000023f79ad0
Event: 111.076 Thread 0x0000000020bfc000 DEOPT UNPACKING pc=0x0000000003087890 sp=0x0000000023f79b18 mode 0


Dynamic libraries:
0x00007ff67b040000 - 0x00007ff67b077000 	C:\Program Files\Java\jdk1.8.0_191\bin\java.exe
0x00007ffdc1840000 - 0x00007ffdc1a30000 	C:\WINDOWS\SYSTEM32\ntdll.dll
0x00007ffdc0050000 - 0x00007ffdc0102000 	C:\WINDOWS\System32\KERNEL32.DLL
0x00007ffdbf340000 - 0x00007ffdbf5e5000 	C:\WINDOWS\System32\KERNELBASE.dll
0x00007ffdc0dc0000 - 0x00007ffdc0e63000 	C:\WINDOWS\System32\ADVAPI32.dll
0x00007ffdc1730000 - 0x00007ffdc17ce000 	C:\WINDOWS\System32\msvcrt.dll
0x00007ffdc0480000 - 0x00007ffdc0517000 	C:\WINDOWS\System32\sechost.dll
0x00007ffdc0520000 - 0x00007ffdc0640000 	C:\WINDOWS\System32\RPCRT4.dll
0x00007ffdc1590000 - 0x00007ffdc1725000 	C:\WINDOWS\System32\USER32.dll
0x00007ffdbf140000 - 0x00007ffdbf161000 	C:\WINDOWS\System32\win32u.dll
0x00007ffdbfa30000 - 0x00007ffdbfa56000 	C:\WINDOWS\System32\GDI32.dll
0x00007ffdbf5f0000 - 0x00007ffdbf786000 	C:\WINDOWS\System32\gdi32full.dll
0x00007ffdbf2a0000 - 0x00007ffdbf33e000 	C:\WINDOWS\System32\msvcp_win.dll
0x00007ffdbf7f0000 - 0x00007ffdbf8ea000 	C:\WINDOWS\System32\ucrtbase.dll
0x00007ffdadbc0000 - 0x00007ffdade44000 	C:\WINDOWS\WinSxS\amd64_microsoft.windows.common-controls_6595b64144ccf1df_6.0.18362.1082_none_9e8193e1e45b25c1\COMCTL32.dll
0x00007ffdbfb10000 - 0x00007ffdbfe45000 	C:\WINDOWS\System32\combase.dll
0x00007ffdbf0a0000 - 0x00007ffdbf120000 	C:\WINDOWS\System32\bcryptPrimitives.dll
0x00007ffdc17d0000 - 0x00007ffdc17fe000 	C:\WINDOWS\System32\IMM32.DLL
0x0000000052e00000 - 0x0000000052ed2000 	C:\Program Files\Java\jdk1.8.0_191\jre\bin\msvcr100.dll
0x0000000077750000 - 0x0000000077ff4000 	C:\Program Files\Java\jdk1.8.0_191\jre\bin\server\jvm.dll
0x00007ffdc0e70000 - 0x00007ffdc0e78000 	C:\WINDOWS\System32\PSAPI.DLL
0x00007ffda7630000 - 0x00007ffda7639000 	C:\WINDOWS\SYSTEM32\WSOCK32.dll
0x00007ffdba940000 - 0x00007ffdba964000 	C:\WINDOWS\SYSTEM32\WINMM.dll
0x00007ffdb5a10000 - 0x00007ffdb5a1a000 	C:\WINDOWS\SYSTEM32\VERSION.dll
0x00007ffdba840000 - 0x00007ffdba86d000 	C:\WINDOWS\SYSTEM32\WINMMBASE.dll
0x00007ffdbf1a0000 - 0x00007ffdbf1ea000 	C:\WINDOWS\System32\cfgmgr32.dll
0x00007ffdc0c70000 - 0x00007ffdc0cdf000 	C:\WINDOWS\System32\WS2_32.dll
0x0000000052df0000 - 0x0000000052dff000 	C:\Program Files\Java\jdk1.8.0_191\jre\bin\verify.dll
0x0000000052dc0000 - 0x0000000052de9000 	C:\Program Files\Java\jdk1.8.0_191\jre\bin\java.dll
0x0000000052da0000 - 0x0000000052db6000 	C:\Program Files\Java\jdk1.8.0_191\jre\bin\zip.dll
0x00007ffdc0ea0000 - 0x00007ffdc1587000 	C:\WINDOWS\System32\SHELL32.dll
0x00007ffdbfa60000 - 0x00007ffdbfb09000 	C:\WINDOWS\System32\shcore.dll
0x00007ffdbe920000 - 0x00007ffdbf0a0000 	C:\WINDOWS\System32\windows.storage.dll
0x00007ffdbe750000 - 0x00007ffdbe773000 	C:\WINDOWS\System32\profapi.dll
0x00007ffdbe780000 - 0x00007ffdbe7ca000 	C:\WINDOWS\System32\powrprof.dll
0x00007ffdbe700000 - 0x00007ffdbe710000 	C:\WINDOWS\System32\UMPDC.dll
0x00007ffdc0420000 - 0x00007ffdc0472000 	C:\WINDOWS\System32\shlwapi.dll
0x00007ffdbe710000 - 0x00007ffdbe721000 	C:\WINDOWS\System32\kernel.appcore.dll
0x00007ffdbf120000 - 0x00007ffdbf137000 	C:\WINDOWS\System32\cryptsp.dll
0x0000000052d80000 - 0x0000000052d9a000 	C:\Program Files\Java\jdk1.8.0_191\jre\bin\net.dll
0x00007ffdbdf50000 - 0x00007ffdbdfb7000 	C:\WINDOWS\system32\mswsock.dll
0x0000000052d60000 - 0x0000000052d71000 	C:\Program Files\Java\jdk1.8.0_191\jre\bin\nio.dll
0x00007ffd8cb80000 - 0x00007ffd8cba7000 	C:\Users\R.O.G\.gradle\native\f6784746aeab05261644944871eae4fe03e0ef1612fff0a4a95f87b438bc6780\windows-amd64\native-platform.dll
0x0000000052d50000 - 0x0000000052d5d000 	C:\Program Files\Java\jdk1.8.0_191\jre\bin\management.dll
0x00007ffdbdac0000 - 0x00007ffdbdaf3000 	C:\WINDOWS\system32\rsaenh.dll
0x00007ffdbf170000 - 0x00007ffdbf196000 	C:\WINDOWS\System32\bcrypt.dll
0x00007ffdbe5e0000 - 0x00007ffdbe605000 	C:\WINDOWS\SYSTEM32\USERENV.dll
0x00007ffdbe120000 - 0x00007ffdbe12c000 	C:\WINDOWS\SYSTEM32\CRYPTBASE.dll
0x00007ffdbdc60000 - 0x00007ffdbdc9a000 	C:\WINDOWS\SYSTEM32\IPHLPAPI.DLL
0x00007ffdc0110000 - 0x00007ffdc0118000 	C:\WINDOWS\System32\NSI.dll
0x00007ffdb6d00000 - 0x00007ffdb6d16000 	C:\WINDOWS\SYSTEM32\dhcpcsvc6.DLL
0x00007ffdb75f0000 - 0x00007ffdb760c000 	C:\WINDOWS\SYSTEM32\dhcpcsvc.DLL
0x00007ffdbdca0000 - 0x00007ffdbdd6b000 	C:\WINDOWS\SYSTEM32\DNSAPI.dll
0x00007ffdb8a50000 - 0x00007ffdb8a5b000 	C:\WINDOWS\SYSTEM32\WINNSI.DLL

VM Arguments:
jvm_args: -Xmx2048m -Dfile.encoding=UTF-8 -Duser.country=ID -Duser.language=en -Duser.variant 
java_command: org.gradle.launcher.daemon.bootstrap.GradleDaemon 6.5
java_class_path (initial): C:\Users\R.O.G\.gradle\wrapper\dists\gradle-6.5-bin\6nifqtx7604sqp1q6g8wikw7p\gradle-6.5\lib\gradle-launcher-6.5.jar
Launcher Type: SUN_STANDARD

Environment Variables:
JAVA_HOME=C:\Program Files\Java\jdk1.8.0_191
USERNAME=R.O.G
OS=Windows_NT
PROCESSOR_IDENTIFIER=Intel64 Family 6 Model 158 Stepping 9, GenuineIntel



---------------  S Y S T E M  ---------------

OS: Windows 10.0 , 64 bit Build 18362 (10.0.18362.1082)

CPU:total 8 (initial active 8) (4 cores per cpu, 2 threads per core) family 6 model 158 stepping 9, cmov, cx8, fxsr, mmx, sse, sse2, sse3, ssse3, sse4.1, sse4.2, popcnt, avx, avx2, aes, clmul, erms, 3dnowpref, lzcnt, ht, tsc, tscinvbit, bmi1, bmi2, adx

Memory: 4k page, physical 16659272k(1130752k free), swap 24278764k(3388k free)

vm_info: Java HotSpot(TM) 64-Bit Server VM (25.191-b12) for windows-amd64 JRE (1.8.0_191-b12), built on Oct  6 2018 09:29:03 by "java_re" with MS VC++ 10.0 (VS2010)

time: Sat May 15 05:27:29 2021
elapsed time: 111 seconds (0d 0h 1m 51s)

